2023-02-12 00:50:25 INFO  Log:16 -  start searctest
2023-02-12 00:50:27 INFO  Log:16 -  end searctest
2023-02-12 00:50:27 INFO  Log:16 -  start waindow handle test
2023-02-12 00:50:27 INFO  Log:16 - window swich done
2023-02-12 00:50:32 INFO  Log:16 -  end searchticket
2023-02-12 00:54:58 INFO  Log:16 -  start searctest
2023-02-12 00:55:01 INFO  Log:16 -  end searctest
2023-02-12 00:55:01 INFO  Log:16 -  start waindow handle test
2023-02-12 00:55:01 INFO  Log:16 - window swich done
2023-02-12 00:55:07 INFO  Log:16 -  end searchticket
2023-02-12 00:56:34 INFO  Log:16 -  start searchticket
2023-02-12 00:56:53 INFO  Log:16 -  end searchticket
2023-02-12 00:56:53 INFO  Log:16 -  start searchticket
2023-02-12 00:57:11 INFO  Log:16 -  end searchticket
2023-02-12 00:57:30 INFO  Log:16 -  start searctest
2023-02-12 00:57:32 INFO  Log:16 -  end searctest
2023-02-12 00:57:32 INFO  Log:16 -  start waindow handle test
2023-02-12 00:57:32 INFO  Log:16 - window swich done
2023-02-12 00:57:38 INFO  Log:16 -  end searchticket
2023-02-12 01:15:17 INFO  Log:16 -  start searchticket
2023-02-12 01:15:38 INFO  Log:16 -  end searchticket
2023-02-12 01:15:54 INFO  Log:16 -  start searchticket
2023-02-12 01:16:23 INFO  Log:16 -  start searctest
2023-02-12 01:16:25 INFO  Log:16 -  end searctest
2023-02-12 01:16:25 INFO  Log:16 -  start waindow handle test
2023-02-12 01:16:25 INFO  Log:16 - window swich done
2023-02-12 01:16:31 INFO  Log:16 -  end searchticket
2023-02-12 01:20:23 INFO  Log:16 -  start searctest
2023-02-12 01:20:26 INFO  Log:16 -  end searctest
2023-02-12 01:20:26 INFO  Log:16 -  start waindow handle test
2023-02-12 01:20:26 INFO  Log:16 - window swich done
2023-02-12 01:20:31 INFO  Log:16 -  end searchticket
2023-02-12 01:21:21 INFO  Log:16 -  start searchticket
2023-02-12 01:21:39 INFO  Log:16 -  end searchticket
2023-02-12 01:21:55 INFO  Log:16 -  start searchticket
2023-02-12 01:22:51 INFO  Log:16 -  start searctest
2023-02-12 01:22:54 INFO  Log:16 -  end searctest
2023-02-12 01:22:54 INFO  Log:16 -  start waindow handle test
2023-02-12 01:22:54 INFO  Log:16 - window swich done
2023-02-12 01:22:59 INFO  Log:16 -  end searchticket
2023-02-12 01:22:59 INFO  Log:16 - window swich done
2023-02-12 01:23:04 INFO  Log:16 -  end searchticket
2023-02-12 01:26:37 INFO  Log:16 -  start searchticket
2023-02-12 01:26:55 INFO  Log:16 -  end searchticket
2023-02-12 01:27:13 INFO  Log:16 -  start searchticket
2023-02-12 01:27:44 INFO  Log:16 -  end searchticket
2023-02-12 01:28:04 INFO  Log:16 -  start searctest
2023-02-12 01:29:57 INFO  Log:16 -  start searctest
2023-02-12 01:30:00 INFO  Log:16 -  end searctest
2023-02-12 01:30:00 INFO  Log:16 -  start waindow handle test
2023-02-12 01:30:00 INFO  Log:16 - window swich done
2023-02-12 01:30:05 INFO  Log:16 -  end searchticket
2023-02-12 01:31:53 INFO  Log:16 -  start searctest
2023-02-12 01:31:55 INFO  Log:16 -  end searctest
2023-02-12 01:31:55 INFO  Log:16 -  start waindow handle test
2023-02-12 01:31:55 INFO  Log:16 - window swich done
2023-02-12 01:32:00 INFO  Log:16 -  end searchticket
2023-02-12 01:32:55 INFO  Log:16 -  start searctest
2023-02-12 01:32:58 INFO  Log:16 -  end searctest
2023-02-12 01:32:58 INFO  Log:16 -  start waindow handle test
2023-02-12 01:32:58 INFO  Log:16 - window swich done
2023-02-12 01:33:03 INFO  Log:16 -  end searchticket
2023-02-12 01:33:27 INFO  Log:16 -  start searchticket
2023-02-12 01:33:45 INFO  Log:16 -  end searchticket
2023-02-12 01:33:56 INFO  Log:16 -  start searchticket
2023-02-12 01:34:27 INFO  Log:16 -  start searctest
2023-02-12 01:34:29 INFO  Log:16 -  end searctest
2023-02-12 01:34:29 INFO  Log:16 -  start waindow handle test
2023-02-12 01:34:29 INFO  Log:16 - window swich done
2023-02-12 01:34:35 INFO  Log:16 -  end searchticket
2023-02-12 01:37:20 INFO  Log:16 -  start searchticket
2023-02-12 01:37:38 INFO  Log:16 -  end searchticket
2023-02-12 01:37:51 INFO  Log:16 -  start searchticket
2023-02-12 01:38:09 INFO  Log:16 -  end searchticket
2023-02-12 01:38:26 INFO  Log:16 -  start searctest
2023-02-12 01:38:29 INFO  Log:16 -  end searctest
2023-02-12 01:38:29 INFO  Log:16 -  start waindow handle test
2023-02-12 01:38:29 INFO  Log:16 - window swich done
2023-02-12 01:38:34 INFO  Log:16 -  end searchticket
2023-02-12 01:42:07 INFO  Log:16 -  start searchticket
2023-02-12 01:42:26 INFO  Log:16 -  end searchticket
2023-02-12 01:43:00 INFO  Log:16 -  start searchticket
2023-02-12 01:43:19 INFO  Log:16 -  end searchticket
2023-02-12 01:43:22 INFO  Log:16 -  start searchticket
2023-02-12 01:43:34 INFO  Log:16 -  start searchticket
2023-02-12 01:43:43 INFO  Log:16 -  end searchticket
2023-02-12 01:43:58 INFO  Log:16 -  end searchticket
2023-02-12 01:44:07 INFO  Log:16 -  start searctest
2023-02-12 01:44:11 INFO  Log:16 -  end searctest
2023-02-12 01:44:11 INFO  Log:16 -  start waindow handle test
2023-02-12 01:44:18 INFO  Log:16 -  start searchticket
2023-02-12 01:44:39 INFO  Log:16 -  start searctest
2023-02-12 01:44:42 INFO  Log:16 -  end searctest
2023-02-12 01:44:42 INFO  Log:16 -  start waindow handle test
2023-02-12 01:44:42 INFO  Log:16 - window swich done
2023-02-12 01:44:48 INFO  Log:16 -  end searchticket
2023-02-12 01:44:53 INFO  Log:16 -  start searctest
2023-02-12 01:44:56 INFO  Log:16 -  end searctest
2023-02-12 01:44:56 INFO  Log:16 -  start waindow handle test
2023-02-12 01:44:56 INFO  Log:16 - window swich done
2023-02-12 01:45:01 INFO  Log:16 -  end searchticket
2023-02-12 01:57:25 INFO  Log:16 -  start searctest
2023-02-12 01:57:28 INFO  Log:16 -  end searctest
2023-02-12 01:57:28 INFO  Log:16 -  start waindow handle test
2023-02-12 01:57:28 INFO  Log:16 - window swich done
2023-02-12 01:57:33 INFO  Log:16 -  end searchticket
